{"level":"debug","msg":"map[id:1 title:GIN01 done:false]","time":"2018-09-21T12:16:25+07:00"}
{"level":"debug","msg":"map[id:1 title:GIN01 done:false]","time":"2018-09-21T12:16:26+07:00"}
{"level":"debug","msg":"map[id:1 title:GIN01 done:false]","time":"2018-09-21T12:16:27+07:00"}
{"level":"debug","msg":"map[id:1 title:GIN01 done:false]","time":"2018-09-21T12:17:03+07:00"}
{"level":"debug","msg":"map[id:1 title:GIN01 done:false]","time":"2018-09-21T12:17:04+07:00"}
{"level":"debug","msg":"map[id:1 title:GIN01 done:false]","time":"2018-09-21T12:17:20+07:00"}
{"level":"debug","msg":"map[id:1 title:GIN01 done:false]","time":"2018-09-21T12:17:20+07:00"}
{"level":"debug","msg":"map[id:1 title:GIN01 done:false]","time":"2018-09-21T13:10:10+07:00"}
{"level":"debug","msg":"map[title:GIN01 done:false id:1]","time":"2018-09-21T13:10:23+07:00"}
{"level":"debug","msg":"map[done:false id:1 title:GIN01]","time":"2018-09-21T13:10:24+07:00"}
{"level":"debug","msg":"map[done:false id:1 title:GIN01]","time":"2018-09-21T13:10:25+07:00"}
{"level":"debug","msg":"map[title:GIN01 done:false id:1]","time":"2018-09-21T15:01:48+07:00"}
{"level":"debug","msg":"map[id:1 title:GIN01 done:false]","time":"2018-09-21T15:01:49+07:00"}
{"level":"debug","msg":"map[id:1 title:GIN01 done:false]","time":"2018-09-21T15:01:50+07:00"}
{"level":"debug","msg":"map[id:1 title:GIN01 done:false]","time":"2018-09-21T15:12:24+07:00"}
{"level":"debug","msg":"map[title:GIN01 done:false id:1]","time":"2018-09-21T15:12:25+07:00"}
{"level":"debug","msg":"map[id:1 title:GIN01 done:false]","time":"2018-09-21T15:12:25+07:00"}
{"level":"debug","msg":"Can't connect to mongo, go error %vno reachable servers","time":"2018-09-25T03:33:14Z"}
{"level":"debug","msg":"[ERROR]: \u003cnil\u003e","time":"2018-09-25T04:33:38Z"}
{"level":"debug","msg":"Registered a new user = seedotech, password = test","time":"2018-09-26T05:21:45Z"}
{"level":"debug","msg":"Registered a new user = seedotech, password = test","time":"2018-09-26T05:21:57Z"}
{"level":"debug","msg":"Registered a new user = seedotech, password = test","time":"2018-09-26T05:21:59Z"}
{"level":"debug","msg":"Registered a new user = seedotech, password = test","time":"2018-09-26T05:23:16Z"}
{"level":"debug","msg":"[ERROR]: E11000 duplicate key error collection: go-microservices.user index: _name_ dup key: { : \"seedotech\" }","time":"2018-09-26T05:23:17Z"}
{"level":"debug","msg":"[ERROR]: E11000 duplicate key error collection: go-microservices.user index: _name_ dup key: { : \"seedotech\" }","time":"2018-09-26T05:23:20Z"}
{"level":"debug","msg":"[ERROR]: E11000 duplicate key error collection: go-microservices.user index: _name_ dup key: { : \"seedotech\" }","time":"2018-09-26T06:07:00Z"}
{"level":"debug","msg":"[ERROR]: E11000 duplicate key error collection: go-microservices.user index: _name_ dup key: { : \"seedotech\" }","time":"2018-09-26T06:07:18Z"}
{"level":"debug","msg":"Registered a new user = raycad, password = raycad","time":"2018-09-26T06:08:31Z"}
{"level":"debug","msg":"[ERROR]: E11000 duplicate key error collection: go-microservices.user index: _name_ dup key: { : \"raycad\" }","time":"2018-09-26T06:08:34Z"}
{"level":"debug","msg":"Registered a new user = raycad, password = raycad","time":"2018-10-01T11:00:36Z"}
{"level":"debug","msg":"[ERROR]: E11000 duplicate key error collection: go-microservices.users index: _name_ dup key: { : \"raycad\" }","time":"2018-10-01T11:00:48Z"}
{"level":"debug","msg":"[ERROR]: E11000 duplicate key error collection: go-microservices.users index: _name_ dup key: { : \"raycad\" }","time":"2018-10-01T11:00:57Z"}
{"level":"debug","msg":"[ERROR]: E11000 duplicate key error collection: go-microservices.users index: _name_ dup key: { : \"raycad\" }","time":"2018-10-01T11:00:58Z"}
{"level":"debug","msg":"Registered a new user = seedotech, password = raycad","time":"2018-10-01T11:01:07Z"}
{"level":"debug","msg":"[ERROR]: not found","time":"2018-10-01T11:01:16Z"}
{"level":"debug","msg":"[ERROR]: not found","time":"2018-10-01T11:02:21Z"}
{"level":"debug","msg":"Registered a new user = seedotech, password = raycad","time":"2018-10-01T11:02:33Z"}
{"level":"debug","msg":"[ERROR]: E11000 duplicate key error collection: go-microservices.users index: _name_ dup key: { : \"seedotech\" }","time":"2018-10-01T11:02:35Z"}
{"level":"debug","msg":"Registered a new user = raycad, password = raycad","time":"2018-10-01T11:02:48Z"}
{"level":"debug","msg":"Registered a new user = Test, password = password","time":"2020-04-24T13:45:25-06:00"}
{"level":"debug","msg":"Registered a new user = Test, password = password","time":"2020-04-24T19:42:54-06:00"}
{"level":"debug","msg":"Registered a new user = Test, password = password","time":"2020-04-24T19:43:08-06:00"}
{"level":"debug","msg":"Registered a new user = Test, password = password","time":"2020-04-24T20:30:47-06:00"}
{"level":"debug","msg":"Registered a new user = Nelda Kane, password = User Password","time":"2020-04-24T20:40:51-06:00"}
{"level":"debug","msg":"Registered a new user = Nelda Kane, password = User Password","time":"2020-04-24T20:42:22-06:00"}
{"level":"debug","msg":"Registered a new user = Nelda Kane, password = User Password","time":"2020-04-24T20:42:50-06:00"}
{"level":"debug","msg":"Registered a new user = Nelda Kane, password = User Password","time":"2020-04-24T20:50:34-06:00"}
{"level":"debug","msg":"Registered a new user = Nelda Kane, password = User Password","time":"2020-04-24T20:51:06-06:00"}
{"level":"debug","msg":"Registered a new user = Nelda Kane, password = User Password","time":"2020-04-24T20:51:34-06:00"}
{"level":"debug","msg":"Registered a new user = Nelda Kane, password = User Password","time":"2020-04-24T20:51:48-06:00"}
{"level":"debug","msg":"Registered a new user = Nelda Kane, password = User Password","time":"2020-04-24T20:53:36-06:00"}
{"level":"debug","msg":"Registered a new user = Nelda Kane, password = User Password","time":"2020-04-24T20:55:08-06:00"}
{"level":"debug","msg":"Registered a new user = Nelda Kane, password = User Password","time":"2020-04-24T20:56:03-06:00"}
{"level":"debug","msg":"Registered a new user = Nelda Kane, password = User Password","time":"2020-04-24T20:57:03-06:00"}
{"level":"debug","msg":"Registered a new user = Nelda Kane, password = User Password","time":"2020-04-24T20:57:21-06:00"}
{"level":"debug","msg":"Registered a new user = Nelda Kane, password = User Password","time":"2020-04-24T20:57:38-06:00"}
{"level":"debug","msg":"Registered a new user = Nelda Kane, password = User Password","time":"2020-04-24T20:59:18-06:00"}
{"level":"debug","msg":"Registered a new user = Ollie Gutierrez, password = User Password","time":"2020-04-24T20:59:18-06:00"}
{"level":"debug","msg":"Registered a new user = James Greene, password = User Password","time":"2020-04-24T20:59:18-06:00"}
{"level":"debug","msg":"Registered a new user = Maddox Hess, password = User Password","time":"2020-04-24T20:59:18-06:00"}
{"level":"debug","msg":"Registered a new user = Sharp Livingston, password = User Password","time":"2020-04-24T20:59:18-06:00"}
{"level":"debug","msg":"Registered a new user = Tiffany Flynn, password = User Password","time":"2020-04-24T20:59:18-06:00"}
{"level":"debug","msg":"Registered a new user = Dickson Lowery, password = User Password","time":"2020-04-24T20:59:19-06:00"}
{"level":"debug","msg":"Registered a new user = Angie Hebert, password = User Password","time":"2020-04-24T20:59:19-06:00"}
{"level":"debug","msg":"Registered a new user = Rosalind Nunez, password = User Password","time":"2020-04-24T20:59:19-06:00"}
{"level":"debug","msg":"Registered a new user = Chambers Ford, password = User Password","time":"2020-04-24T20:59:19-06:00"}
{"level":"debug","msg":"Registered a new user = Norton Ramirez, password = User Password","time":"2020-04-24T20:59:19-06:00"}
{"level":"debug","msg":"Registered a new user = Francine Armstrong, password = User Password","time":"2020-04-24T20:59:19-06:00"}
{"level":"debug","msg":"Registered a new user = Alston Cummings, password = User Password","time":"2020-04-24T20:59:19-06:00"}
{"level":"debug","msg":"Registered a new user = Leon Sloan, password = User Password","time":"2020-04-24T20:59:19-06:00"}
{"level":"debug","msg":"Registered a new user = Beach Rivas, password = User Password","time":"2020-04-24T20:59:19-06:00"}
{"level":"debug","msg":"Registered a new user = Bernice Tran, password = User Password","time":"2020-04-24T20:59:20-06:00"}
{"level":"debug","msg":"Registered a new user = Freida Burns, password = User Password","time":"2020-04-24T20:59:20-06:00"}
{"level":"debug","msg":"Registered a new user = Pace Santiago, password = User Password","time":"2020-04-24T20:59:20-06:00"}
{"level":"debug","msg":"Registered a new user = Morse Downs, password = User Password","time":"2020-04-24T20:59:20-06:00"}
{"level":"debug","msg":"Registered a new user = Pansy Wheeler, password = User Password","time":"2020-04-24T20:59:20-06:00"}
{"level":"debug","msg":"Registered a new user = Olga Gates, password = User Password","time":"2020-04-24T20:59:20-06:00"}
{"level":"debug","msg":"Registered a new user = Lynn Potter, password = User Password","time":"2020-04-24T20:59:21-06:00"}
{"level":"debug","msg":"Registered a new user = Holmes Clarke, password = User Password","time":"2020-04-24T20:59:21-06:00"}
{"level":"debug","msg":"Registered a new user = Osborn Copeland, password = User Password","time":"2020-04-24T20:59:21-06:00"}
{"level":"debug","msg":"Registered a new user = Sarah Mack, password = User Password","time":"2020-04-24T20:59:21-06:00"}
{"level":"debug","msg":"Registered a new user = Ayers Mcbride, password = User Password","time":"2020-04-24T20:59:21-06:00"}
{"level":"debug","msg":"Registered a new user = Karla Mcmillan, password = User Password","time":"2020-04-24T20:59:21-06:00"}
{"level":"debug","msg":"Registered a new user = Juanita Bass, password = User Password","time":"2020-04-24T20:59:21-06:00"}
{"level":"debug","msg":"Registered a new user = Lila Todd, password = User Password","time":"2020-04-24T20:59:22-06:00"}
{"level":"debug","msg":"Registered a new user = Dollie White, password = User Password","time":"2020-04-24T20:59:22-06:00"}
{"level":"debug","msg":"Registered a new user = Duran Booth, password = User Password","time":"2020-04-24T20:59:22-06:00"}
{"level":"debug","msg":"Registered a new user = Helga Hodges, password = User Password","time":"2020-04-24T20:59:22-06:00"}
{"level":"debug","msg":"Registered a new user = Kathie Lambert, password = User Password","time":"2020-04-24T20:59:22-06:00"}
{"level":"debug","msg":"Registered a new user = Estrada Reilly, password = User Password","time":"2020-04-24T20:59:22-06:00"}
{"level":"debug","msg":"Registered a new user = Lora Cash, password = User Password","time":"2020-04-24T20:59:22-06:00"}
{"level":"debug","msg":"Registered a new user = Clara Michael, password = User Password","time":"2020-04-24T20:59:23-06:00"}
{"level":"debug","msg":"Registered a new user = Nanette Aguirre, password = User Password","time":"2020-04-24T20:59:23-06:00"}
{"level":"debug","msg":"Registered a new user = Rojas Stevenson, password = User Password","time":"2020-04-24T20:59:23-06:00"}
{"level":"debug","msg":"Registered a new user = Marylou Carrillo, password = User Password","time":"2020-04-24T20:59:23-06:00"}
{"level":"debug","msg":"Registered a new user = Candice Delacruz, password = User Password","time":"2020-04-24T20:59:23-06:00"}
{"level":"debug","msg":"Registered a new user = Marks Rowe, password = User Password","time":"2020-04-24T20:59:23-06:00"}
{"level":"debug","msg":"Registered a new user = Savage Carey, password = User Password","time":"2020-04-24T20:59:23-06:00"}
{"level":"debug","msg":"Registered a new user = Bobbi Jarvis, password = User Password","time":"2020-04-24T20:59:24-06:00"}
{"level":"debug","msg":"Registered a new user = Vargas Fuller, password = User Password","time":"2020-04-24T20:59:24-06:00"}
{"level":"debug","msg":"Registered a new user = Louise Sweet, password = User Password","time":"2020-04-24T20:59:24-06:00"}
{"level":"debug","msg":"Registered a new user = Fern Rowland, password = User Password","time":"2020-04-24T20:59:24-06:00"}
{"level":"debug","msg":"Registered a new user = Riley Key, password = User Password","time":"2020-04-24T20:59:24-06:00"}
{"level":"debug","msg":"Registered a new user = Ortega Pace, password = User Password","time":"2020-04-24T20:59:24-06:00"}
{"level":"debug","msg":"Registered a new user = Diana Neal, password = User Password","time":"2020-04-24T20:59:24-06:00"}
{"level":"debug","msg":"Registered a new user = Verna Guzman, password = User Password","time":"2020-04-24T20:59:25-06:00"}
{"level":"debug","msg":"Registered a new user = Leblanc Russo, password = User Password","time":"2020-04-24T20:59:25-06:00"}
{"level":"debug","msg":"Registered a new user = Della Parrish, password = User Password","time":"2020-04-24T20:59:25-06:00"}
{"level":"debug","msg":"Registered a new user = Shannon Holt, password = User Password","time":"2020-04-24T20:59:25-06:00"}
{"level":"debug","msg":"Registered a new user = Kristen Montgomery, password = User Password","time":"2020-04-24T20:59:25-06:00"}
{"level":"debug","msg":"Registered a new user = Kari Banks, password = User Password","time":"2020-04-24T20:59:25-06:00"}
{"level":"debug","msg":"Registered a new user = Miriam Potts, password = User Password","time":"2020-04-24T20:59:25-06:00"}
{"level":"debug","msg":"Registered a new user = Mitchell Burks, password = User Password","time":"2020-04-24T20:59:25-06:00"}
{"level":"debug","msg":"Registered a new user = Knapp Joyce, password = User Password","time":"2020-04-24T20:59:26-06:00"}
{"level":"debug","msg":"Registered a new user = Gena Bernard, password = User Password","time":"2020-04-24T20:59:26-06:00"}
{"level":"debug","msg":"Registered a new user = Magdalena Hoover, password = User Password","time":"2020-04-24T20:59:26-06:00"}
{"level":"debug","msg":"Registered a new user = Schmidt Frederick, password = User Password","time":"2020-04-24T20:59:26-06:00"}
{"level":"debug","msg":"Registered a new user = Rosemarie Erickson, password = User Password","time":"2020-04-24T20:59:26-06:00"}
{"level":"debug","msg":"Registered a new user = Mayo Watts, password = User Password","time":"2020-04-24T20:59:26-06:00"}
{"level":"debug","msg":"Registered a new user = Alyce Maynard, password = User Password","time":"2020-04-24T20:59:27-06:00"}
{"level":"debug","msg":"Registered a new user = Heidi Shannon, password = User Password","time":"2020-04-24T20:59:27-06:00"}
{"level":"debug","msg":"Registered a new user = Lavonne Oneal, password = User Password","time":"2020-04-24T20:59:27-06:00"}
{"level":"debug","msg":"Registered a new user = Holloway Keller, password = User Password","time":"2020-04-24T20:59:27-06:00"}
{"level":"debug","msg":"Registered a new user = Harrison Reynolds, password = User Password","time":"2020-04-24T20:59:27-06:00"}
{"level":"debug","msg":"Registered a new user = Hanson Mcleod, password = User Password","time":"2020-04-24T20:59:27-06:00"}
{"level":"debug","msg":"Registered a new user = Fran Torres, password = User Password","time":"2020-04-24T20:59:27-06:00"}
{"level":"debug","msg":"Registered a new user = Darla Singleton, password = User Password","time":"2020-04-24T20:59:28-06:00"}
{"level":"debug","msg":"Registered a new user = Lopez Morrow, password = User Password","time":"2020-04-24T20:59:28-06:00"}
{"level":"debug","msg":"Registered a new user = Haney Bruce, password = User Password","time":"2020-04-24T20:59:28-06:00"}
{"level":"debug","msg":"Registered a new user = Estelle Alexander, password = User Password","time":"2020-04-24T20:59:28-06:00"}
{"level":"debug","msg":"Registered a new user = Petra Pierce, password = User Password","time":"2020-04-24T20:59:28-06:00"}
{"level":"debug","msg":"Registered a new user = Ada Knowles, password = User Password","time":"2020-04-24T20:59:28-06:00"}
{"level":"debug","msg":"Registered a new user = Opal Sargent, password = User Password","time":"2020-04-24T20:59:29-06:00"}
{"level":"debug","msg":"Registered a new user = Matilda Morrison, password = User Password","time":"2020-04-24T20:59:29-06:00"}
{"level":"debug","msg":"Registered a new user = Kerri Bond, password = User Password","time":"2020-04-24T20:59:29-06:00"}
{"level":"debug","msg":"Registered a new user = Jocelyn Hartman, password = User Password","time":"2020-04-24T20:59:29-06:00"}
{"level":"debug","msg":"Registered a new user = Lidia Long, password = User Password","time":"2020-04-24T20:59:29-06:00"}
{"level":"debug","msg":"Registered a new user = Pennington George, password = User Password","time":"2020-04-24T20:59:29-06:00"}
{"level":"debug","msg":"Registered a new user = Ivy Stephenson, password = User Password","time":"2020-04-24T20:59:29-06:00"}
{"level":"debug","msg":"Registered a new user = Ashlee Hyde, password = User Password","time":"2020-04-24T20:59:29-06:00"}
{"level":"debug","msg":"Registered a new user = Roberts Mann, password = User Password","time":"2020-04-24T20:59:30-06:00"}
{"level":"debug","msg":"Registered a new user = Bauer Collins, password = User Password","time":"2020-04-24T20:59:30-06:00"}
{"level":"debug","msg":"Registered a new user = Everett Salas, password = User Password","time":"2020-04-24T20:59:30-06:00"}
{"level":"debug","msg":"Registered a new user = Nelda Kane, password = User Password","time":"2020-04-24T20:59:56-06:00"}
{"level":"debug","msg":"Registered a new user = Ollie Gutierrez, password = User Password","time":"2020-04-24T20:59:56-06:00"}
{"level":"debug","msg":"Registered a new user = James Greene, password = User Password","time":"2020-04-24T20:59:56-06:00"}
{"level":"debug","msg":"Registered a new user = Maddox Hess, password = User Password","time":"2020-04-24T20:59:56-06:00"}
{"level":"debug","msg":"Registered a new user = Sharp Livingston, password = User Password","time":"2020-04-24T20:59:56-06:00"}
{"level":"debug","msg":"Registered a new user = Tiffany Flynn, password = User Password","time":"2020-04-24T20:59:57-06:00"}
{"level":"debug","msg":"Registered a new user = Dickson Lowery, password = User Password","time":"2020-04-24T20:59:57-06:00"}
{"level":"debug","msg":"Registered a new user = Angie Hebert, password = User Password","time":"2020-04-24T20:59:57-06:00"}
{"level":"debug","msg":"Registered a new user = Rosalind Nunez, password = User Password","time":"2020-04-24T20:59:57-06:00"}
{"level":"debug","msg":"Registered a new user = Chambers Ford, password = User Password","time":"2020-04-24T20:59:57-06:00"}
{"level":"debug","msg":"Registered a new user = Norton Ramirez, password = User Password","time":"2020-04-24T20:59:57-06:00"}
{"level":"debug","msg":"Registered a new user = Francine Armstrong, password = User Password","time":"2020-04-24T20:59:57-06:00"}
{"level":"debug","msg":"Registered a new user = Alston Cummings, password = User Password","time":"2020-04-24T20:59:58-06:00"}
{"level":"debug","msg":"Registered a new user = Leon Sloan, password = User Password","time":"2020-04-24T20:59:58-06:00"}
{"level":"debug","msg":"Registered a new user = Beach Rivas, password = User Password","time":"2020-04-24T20:59:58-06:00"}
{"level":"debug","msg":"Registered a new user = Bernice Tran, password = User Password","time":"2020-04-24T20:59:58-06:00"}
{"level":"debug","msg":"Registered a new user = Freida Burns, password = User Password","time":"2020-04-24T20:59:58-06:00"}
{"level":"debug","msg":"Registered a new user = Pace Santiago, password = User Password","time":"2020-04-24T20:59:58-06:00"}
{"level":"debug","msg":"Registered a new user = Morse Downs, password = User Password","time":"2020-04-24T20:59:58-06:00"}
{"level":"debug","msg":"Registered a new user = Pansy Wheeler, password = User Password","time":"2020-04-24T20:59:59-06:00"}
{"level":"debug","msg":"Registered a new user = Olga Gates, password = User Password","time":"2020-04-24T20:59:59-06:00"}
{"level":"debug","msg":"Registered a new user = Lynn Potter, password = User Password","time":"2020-04-24T20:59:59-06:00"}
{"level":"debug","msg":"Registered a new user = Holmes Clarke, password = User Password","time":"2020-04-24T20:59:59-06:00"}
{"level":"debug","msg":"Registered a new user = Osborn Copeland, password = User Password","time":"2020-04-24T20:59:59-06:00"}
{"level":"debug","msg":"Registered a new user = Sarah Mack, password = User Password","time":"2020-04-24T20:59:59-06:00"}
{"level":"debug","msg":"Registered a new user = Ayers Mcbride, password = User Password","time":"2020-04-24T20:59:59-06:00"}
{"level":"debug","msg":"Registered a new user = Karla Mcmillan, password = User Password","time":"2020-04-24T20:59:59-06:00"}
{"level":"debug","msg":"Registered a new user = Juanita Bass, password = User Password","time":"2020-04-24T21:00:00-06:00"}
{"level":"debug","msg":"Registered a new user = Lila Todd, password = User Password","time":"2020-04-24T21:00:00-06:00"}
{"level":"debug","msg":"Registered a new user = Dollie White, password = User Password","time":"2020-04-24T21:00:00-06:00"}
{"level":"debug","msg":"Registered a new user = Duran Booth, password = User Password","time":"2020-04-24T21:00:00-06:00"}
{"level":"debug","msg":"Registered a new user = Helga Hodges, password = User Password","time":"2020-04-24T21:00:00-06:00"}
{"level":"debug","msg":"Registered a new user = Kathie Lambert, password = User Password","time":"2020-04-24T21:00:00-06:00"}
{"level":"debug","msg":"Registered a new user = Estrada Reilly, password = User Password","time":"2020-04-24T21:00:00-06:00"}
{"level":"debug","msg":"Registered a new user = Lora Cash, password = User Password","time":"2020-04-24T21:00:00-06:00"}
{"level":"debug","msg":"Registered a new user = Clara Michael, password = User Password","time":"2020-04-24T21:00:01-06:00"}
{"level":"debug","msg":"Registered a new user = Nanette Aguirre, password = User Password","time":"2020-04-24T21:00:01-06:00"}
{"level":"debug","msg":"Registered a new user = Rojas Stevenson, password = User Password","time":"2020-04-24T21:00:01-06:00"}
{"level":"debug","msg":"Registered a new user = Marylou Carrillo, password = User Password","time":"2020-04-24T21:00:01-06:00"}
{"level":"debug","msg":"Registered a new user = Candice Delacruz, password = User Password","time":"2020-04-24T21:00:01-06:00"}
{"level":"debug","msg":"Registered a new user = Marks Rowe, password = User Password","time":"2020-04-24T21:00:01-06:00"}
{"level":"debug","msg":"Registered a new user = Savage Carey, password = User Password","time":"2020-04-24T21:00:01-06:00"}
{"level":"debug","msg":"Registered a new user = Bobbi Jarvis, password = User Password","time":"2020-04-24T21:00:01-06:00"}
{"level":"debug","msg":"Registered a new user = Vargas Fuller, password = User Password","time":"2020-04-24T21:00:02-06:00"}
{"level":"debug","msg":"Registered a new user = Louise Sweet, password = User Password","time":"2020-04-24T21:00:02-06:00"}
{"level":"debug","msg":"Registered a new user = Fern Rowland, password = User Password","time":"2020-04-24T21:00:02-06:00"}
{"level":"debug","msg":"Registered a new user = Riley Key, password = User Password","time":"2020-04-24T21:00:02-06:00"}
{"level":"debug","msg":"Registered a new user = Ortega Pace, password = User Password","time":"2020-04-24T21:00:02-06:00"}
{"level":"debug","msg":"Registered a new user = Diana Neal, password = User Password","time":"2020-04-24T21:00:02-06:00"}
{"level":"debug","msg":"Registered a new user = Verna Guzman, password = User Password","time":"2020-04-24T21:00:02-06:00"}
{"level":"debug","msg":"Registered a new user = Leblanc Russo, password = User Password","time":"2020-04-24T21:00:02-06:00"}
{"level":"debug","msg":"Registered a new user = Della Parrish, password = User Password","time":"2020-04-24T21:00:03-06:00"}
{"level":"debug","msg":"Registered a new user = Shannon Holt, password = User Password","time":"2020-04-24T21:00:03-06:00"}
{"level":"debug","msg":"Registered a new user = Kristen Montgomery, password = User Password","time":"2020-04-24T21:00:03-06:00"}
{"level":"debug","msg":"Registered a new user = Kari Banks, password = User Password","time":"2020-04-24T21:00:03-06:00"}
{"level":"debug","msg":"Registered a new user = Miriam Potts, password = User Password","time":"2020-04-24T21:00:03-06:00"}
{"level":"debug","msg":"Registered a new user = Mitchell Burks, password = User Password","time":"2020-04-24T21:00:03-06:00"}
{"level":"debug","msg":"Registered a new user = Knapp Joyce, password = User Password","time":"2020-04-24T21:00:03-06:00"}
{"level":"debug","msg":"Registered a new user = Gena Bernard, password = User Password","time":"2020-04-24T21:00:03-06:00"}
{"level":"debug","msg":"Registered a new user = Magdalena Hoover, password = User Password","time":"2020-04-24T21:00:04-06:00"}
{"level":"debug","msg":"Registered a new user = Schmidt Frederick, password = User Password","time":"2020-04-24T21:00:04-06:00"}
{"level":"debug","msg":"Registered a new user = Rosemarie Erickson, password = User Password","time":"2020-04-24T21:00:04-06:00"}
{"level":"debug","msg":"Registered a new user = Mayo Watts, password = User Password","time":"2020-04-24T21:00:04-06:00"}
{"level":"debug","msg":"Registered a new user = Alyce Maynard, password = User Password","time":"2020-04-24T21:00:04-06:00"}
{"level":"debug","msg":"Registered a new user = Heidi Shannon, password = User Password","time":"2020-04-24T21:00:04-06:00"}
{"level":"debug","msg":"Registered a new user = Lavonne Oneal, password = User Password","time":"2020-04-24T21:00:05-06:00"}
{"level":"debug","msg":"Registered a new user = Holloway Keller, password = User Password","time":"2020-04-24T21:00:05-06:00"}
{"level":"debug","msg":"Registered a new user = Harrison Reynolds, password = User Password","time":"2020-04-24T21:00:05-06:00"}
{"level":"debug","msg":"Registered a new user = Hanson Mcleod, password = User Password","time":"2020-04-24T21:00:05-06:00"}
{"level":"debug","msg":"Registered a new user = Fran Torres, password = User Password","time":"2020-04-24T21:00:05-06:00"}
{"level":"debug","msg":"Registered a new user = Darla Singleton, password = User Password","time":"2020-04-24T21:00:05-06:00"}
{"level":"debug","msg":"Registered a new user = Lopez Morrow, password = User Password","time":"2020-04-24T21:00:05-06:00"}
{"level":"debug","msg":"Registered a new user = Haney Bruce, password = User Password","time":"2020-04-24T21:00:05-06:00"}
{"level":"debug","msg":"Registered a new user = Estelle Alexander, password = User Password","time":"2020-04-24T21:00:06-06:00"}
{"level":"debug","msg":"Registered a new user = Petra Pierce, password = User Password","time":"2020-04-24T21:00:06-06:00"}
{"level":"debug","msg":"Registered a new user = Ada Knowles, password = User Password","time":"2020-04-24T21:00:06-06:00"}
{"level":"debug","msg":"Registered a new user = Nelda Kane, password = User Password","time":"2020-04-24T21:43:53-06:00"}
{"level":"debug","msg":"Registered a new user = Ollie Gutierrez, password = User Password","time":"2020-04-24T21:43:53-06:00"}
{"level":"debug","msg":"Registered a new user = James Greene, password = User Password","time":"2020-04-24T21:43:53-06:00"}
{"level":"debug","msg":"Registered a new user = Maddox Hess, password = User Password","time":"2020-04-24T21:43:54-06:00"}
{"level":"debug","msg":"Registered a new user = Sharp Livingston, password = User Password","time":"2020-04-24T21:43:54-06:00"}
{"level":"debug","msg":"Registered a new user = Tiffany Flynn, password = User Password","time":"2020-04-24T21:43:54-06:00"}
{"level":"debug","msg":"Registered a new user = Dickson Lowery, password = User Password","time":"2020-04-24T21:43:54-06:00"}
{"level":"debug","msg":"Registered a new user = Nelda Kane, password = User Password","time":"2020-04-24T21:44:22-06:00"}
{"level":"debug","msg":"Registered a new user = Ollie Gutierrez, password = User Password","time":"2020-04-24T21:44:22-06:00"}
{"level":"debug","msg":"Registered a new user = James Greene, password = User Password","time":"2020-04-24T21:44:22-06:00"}
{"level":"debug","msg":"Registered a new user = Maddox Hess, password = User Password","time":"2020-04-24T21:44:22-06:00"}
{"level":"debug","msg":"Registered a new user = Sharp Livingston, password = User Password","time":"2020-04-24T21:44:22-06:00"}
{"level":"debug","msg":"Registered a new user = Nelda Kane, password = User Password","time":"2020-04-24T21:44:46-06:00"}
{"level":"debug","msg":"Registered a new user = Ollie Gutierrez, password = User Password","time":"2020-04-24T21:44:47-06:00"}
{"level":"debug","msg":"Registered a new user = James Greene, password = User Password","time":"2020-04-24T21:44:47-06:00"}
{"level":"debug","msg":"Registered a new user = Maddox Hess, password = User Password","time":"2020-04-24T21:44:47-06:00"}
{"level":"debug","msg":"Registered a new user = Sharp Livingston, password = User Password","time":"2020-04-24T21:44:47-06:00"}
{"level":"debug","msg":"Registered a new user = Nelda Kane, password = User Password","time":"2020-04-24T21:45:03-06:00"}
{"level":"debug","msg":"Registered a new user = Ollie Gutierrez, password = User Password","time":"2020-04-24T21:45:03-06:00"}
{"level":"debug","msg":"Registered a new user = James Greene, password = User Password","time":"2020-04-24T21:45:04-06:00"}
{"level":"debug","msg":"Registered a new user = Maddox Hess, password = User Password","time":"2020-04-24T21:45:04-06:00"}
{"level":"debug","msg":"Registered a new user = Sharp Livingston, password = User Password","time":"2020-04-24T21:45:04-06:00"}
{"level":"debug","msg":"Registered a new user = Nelda Kane, password = User Password","time":"2020-04-24T21:45:48-06:00"}
{"level":"debug","msg":"Registered a new user = Ollie Gutierrez, password = User Password","time":"2020-04-24T21:45:48-06:00"}
{"level":"debug","msg":"Registered a new user = James Greene, password = User Password","time":"2020-04-24T21:45:49-06:00"}
{"level":"debug","msg":"Registered a new user = Maddox Hess, password = User Password","time":"2020-04-24T21:45:49-06:00"}
{"level":"debug","msg":"Registered a new user = Sharp Livingston, password = User Password","time":"2020-04-24T21:45:49-06:00"}
{"level":"debug","msg":"Registered a new user = Nelda Kane, password = User Password","time":"2020-04-24T21:46:45-06:00"}
{"level":"debug","msg":"Registered a new user = Ollie Gutierrez, password = User Password","time":"2020-04-24T21:46:46-06:00"}
{"level":"debug","msg":"Registered a new user = James Greene, password = User Password","time":"2020-04-24T21:46:46-06:00"}
{"level":"debug","msg":"Registered a new user = Maddox Hess, password = User Password","time":"2020-04-24T21:46:46-06:00"}
{"level":"debug","msg":"Registered a new user = Sharp Livingston, password = User Password","time":"2020-04-24T21:46:46-06:00"}
{"level":"debug","msg":"Registered a new user = Nelda Kane, password = User Password","time":"2020-04-24T21:47:06-06:00"}
{"level":"debug","msg":"Registered a new user = Ollie Gutierrez, password = User Password","time":"2020-04-24T21:47:06-06:00"}
{"level":"debug","msg":"Registered a new user = James Greene, password = User Password","time":"2020-04-24T21:47:06-06:00"}
{"level":"debug","msg":"Registered a new user = Maddox Hess, password = User Password","time":"2020-04-24T21:47:07-06:00"}
{"level":"debug","msg":"Registered a new user = Sharp Livingston, password = User Password","time":"2020-04-24T21:47:07-06:00"}
{"level":"debug","msg":"Registered a new user = Nelda Kane, password = User Password","time":"2020-04-24T21:47:45-06:00"}
{"level":"debug","msg":"Registered a new user = Ollie Gutierrez, password = User Password","time":"2020-04-24T21:47:45-06:00"}
{"level":"debug","msg":"Registered a new user = James Greene, password = User Password","time":"2020-04-24T21:47:46-06:00"}
{"level":"debug","msg":"Registered a new user = Maddox Hess, password = User Password","time":"2020-04-24T21:47:46-06:00"}
{"level":"debug","msg":"Registered a new user = Sharp Livingston, password = User Password","time":"2020-04-24T21:47:46-06:00"}
{"level":"debug","msg":"Registered a new user = Nelda Kane, password = User Password","time":"2020-04-24T21:48:00-06:00"}
{"level":"debug","msg":"Registered a new user = Ollie Gutierrez, password = User Password","time":"2020-04-24T21:48:00-06:00"}
{"level":"debug","msg":"Registered a new user = James Greene, password = User Password","time":"2020-04-24T21:48:00-06:00"}
{"level":"debug","msg":"Registered a new user = Maddox Hess, password = User Password","time":"2020-04-24T21:48:00-06:00"}
{"level":"debug","msg":"Registered a new user = Sharp Livingston, password = User Password","time":"2020-04-24T21:48:01-06:00"}
